<?xml version="1.0" encoding="UTF-8"?>
<testsuite xmlns:xsi="http://www.w3.org/2001/XMLSchema-instance" xsi:noNamespaceSchemaLocation="https://maven.apache.org/surefire/maven-surefire-plugin/xsd/surefire-test-report.xsd" name="TestSuite" time="226.308" tests="10" errors="0" skipped="0" failures="4">
  <properties>
[...]
</properties>
  <testcase name="loginPageTitleTest" classname="com.crm.qa.testcases.LoginPageTest" time="0.022">
    <failure message="expected [CRMPRO  - CRM software for customer relationship management, sales, and support.] but found [CRMPRO - CRM software for customer relationship management, sales, and support.]" type="java.lang.AssertionError">java.lang.AssertionError: expected [CRMPRO  - CRM software for customer relationship management, sales, and support.] but found [CRMPRO - CRM software for customer relationship management, sales, and support.]
	at com.crm.qa.testcases.LoginPageTest.loginPageTitleTest(LoginPageTest.java:37)
</failure>
    <system-out><![CDATA[Before navigating to: 'https://www.crmpro.com/'
Navigated to:'https://www.crmpro.com/'
]]></system-out>
    <system-err><![CDATA[Starting ChromeDriver 80.0.3987.106 (f68069574609230cf9b635cd784cfb1bf81bb53a-refs/branch-heads/3987@{#882}) on port 17980
Only local connections are allowed.
Please protect ports used by ChromeDriver and related test frameworks to prevent access by malicious code.
Jun 07, 2020 8:36:34 AM org.openqa.selenium.remote.ProtocolHandshake createSession
INFO: Detected dialect: W3C
[1591499195.956][SEVERE]: Timed out receiving message from renderer: 0.100
[1591499196.058][SEVERE]: Timed out receiving message from renderer: 0.100
[1591499196.162][SEVERE]: Timed out receiving message from renderer: 0.100
[1591499196.264][SEVERE]: Timed out receiving message from renderer: 0.100
[1591499196.366][SEVERE]: Timed out receiving message from renderer: 0.100
[1591499196.468][SEVERE]: Timed out receiving message from renderer: 0.100
[1591499196.571][SEVERE]: Timed out receiving message from renderer: 0.100
[1591499196.673][SEVERE]: Timed out receiving message from renderer: 0.100
[1591499196.777][SEVERE]: Timed out receiving message from renderer: 0.100
[1591499196.880][SEVERE]: Timed out receiving message from renderer: 0.100
[1591499196.982][SEVERE]: Timed out receiving message from renderer: 0.100
[1591499197.084][SEVERE]: Timed out receiving message from renderer: 0.100
[1591499197.519][SEVERE]: Timed out receiving message from renderer: 0.100
[1591499197.623][SEVERE]: Timed out receiving message from renderer: 0.100
[1591499197.725][SEVERE]: Timed out receiving message from renderer: 0.100
[1591499197.829][SEVERE]: Timed out receiving message from renderer: 0.100
[1591499197.945][SEVERE]: Timed out receiving message from renderer: 0.100
[1591499198.047][SEVERE]: Timed out receiving message from renderer: 0.100
[1591499198.150][SEVERE]: Timed out receiving message from renderer: 0.100
[1591499198.252][SEVERE]: Timed out receiving message from renderer: 0.100
[1591499198.354][SEVERE]: Timed out receiving message from renderer: 0.100
[1591499198.457][SEVERE]: Timed out receiving message from renderer: 0.100
[1591499198.563][SEVERE]: Timed out receiving message from renderer: 0.100
[1591499198.668][SEVERE]: Timed out receiving message from renderer: 0.100
[1591499198.770][SEVERE]: Timed out receiving message from renderer: 0.100
[1591499198.873][SEVERE]: Timed out receiving message from renderer: 0.100
[1591499198.975][SEVERE]: Timed out receiving message from renderer: 0.100
[1591499199.079][SEVERE]: Timed out receiving message from renderer: 0.100
[1591499199.181][SEVERE]: Timed out receiving message from renderer: 0.100
[1591499199.283][SEVERE]: Timed out receiving message from renderer: 0.100
[1591499199.386][SEVERE]: Timed out receiving message from renderer: 0.100
[1591499199.488][SEVERE]: Timed out receiving message from renderer: 0.100
[1591499199.590][SEVERE]: Timed out receiving message from renderer: 0.100
[1591499199.696][SEVERE]: Timed out receiving message from renderer: 0.100
[1591499199.798][SEVERE]: Timed out receiving message from renderer: 0.100
[1591499199.900][SEVERE]: Timed out receiving message from renderer: 0.100
[1591499200.002][SEVERE]: Timed out receiving message from renderer: 0.100
[1591499200.119][SEVERE]: Timed out receiving message from renderer: 0.100
[1591499200.221][SEVERE]: Timed out receiving message from renderer: 0.100
[1591499200.324][SEVERE]: Timed out receiving message from renderer: 0.100
]]></system-err>
  </testcase>
  <testcase name="crmLogoImageTest" classname="com.crm.qa.testcases.LoginPageTest" time="0.156"/>
  <testcase name="loginTest" classname="com.crm.qa.testcases.LoginPageTest" time="10.745"/>
  <testcase name="verifyHomePageTitleTest" classname="com.crm.qa.testcases.HomePageTest" time="0.007"/>
  <testcase name="verifyUserNameTest" classname="com.crm.qa.testcases.HomePageTest" time="0.074"/>
  <testcase name="verifyContactsLinkTest" classname="com.crm.qa.testcases.HomePageTest" time="2.065"/>
  <testcase name="verifyContactsPageLabel" classname="com.crm.qa.testcases.ContactsPageTest" time="0.074"/>
  <testcase name="validateCreateNewContact" classname="com.crm.qa.testcases.ContactsPageTest" time="20.699">
    <failure message="Expected condition failed: waiting for element to be clickable: By.xpath: //a[@title=&apos;New Contact&apos;] (tried for 20 second(s) with 500 milliseconds interval)&#10;Build info: version: &apos;3.141.59&apos;, revision: &apos;e82be7d358&apos;, time: &apos;2018-11-14T08:17:03&apos;&#10;System info: host: &apos;akash-Vostro-3480&apos;, ip: &apos;127.0.1.1&apos;, os.name: &apos;Linux&apos;, os.arch: &apos;amd64&apos;, os.version: &apos;5.0.0-32-generic&apos;, java.version: &apos;1.8.0_241&apos;&#10;Driver info: org.openqa.selenium.support.events.EventFiringWebDriver&#10;Capabilities {acceptInsecureCerts: false, browserName: chrome, browserVersion: 80.0.3987.149, chrome: {chromedriverVersion: 80.0.3987.106 (f68069574609..., userDataDir: /tmp/.com.google.Chrome.UdKfhO}, goog:chromeOptions: {debuggerAddress: localhost:46547}, javascriptEnabled: true, networkConnectionEnabled: false, pageLoadStrategy: normal, platform: LINUX, platformName: LINUX, proxy: Proxy(), setWindowRect: true, strictFileInteractability: false, timeouts: {implicit: 0, pageLoad: 300000, script: 30000}, unhandledPromptBehavior: dismiss and notify}&#10;Session ID: a9866b7d01d06ebf0609407db4ba0f15" type="org.openqa.selenium.TimeoutException">org.openqa.selenium.TimeoutException: 
Expected condition failed: waiting for element to be clickable: By.xpath: //a[@title='New Contact'] (tried for 20 second(s) with 500 milliseconds interval)
Build info: version: '3.141.59', revision: 'e82be7d358', time: '2018-11-14T08:17:03'
System info: host: 'akash-Vostro-3480', ip: '127.0.1.1', os.name: 'Linux', os.arch: 'amd64', os.version: '5.0.0-32-generic', java.version: '1.8.0_241'
Driver info: org.openqa.selenium.support.events.EventFiringWebDriver
Capabilities {acceptInsecureCerts: false, browserName: chrome, browserVersion: 80.0.3987.149, chrome: {chromedriverVersion: 80.0.3987.106 (f68069574609..., userDataDir: /tmp/.com.google.Chrome.UdKfhO}, goog:chromeOptions: {debuggerAddress: localhost:46547}, javascriptEnabled: true, networkConnectionEnabled: false, pageLoadStrategy: normal, platform: LINUX, platformName: LINUX, proxy: Proxy(), setWindowRect: true, strictFileInteractability: false, timeouts: {implicit: 0, pageLoad: 300000, script: 30000}, unhandledPromptBehavior: dismiss and notify}
Session ID: a9866b7d01d06ebf0609407db4ba0f15
	at com.crm.qa.testcases.ContactsPageTest.validateCreateNewContact(ContactsPageTest.java:50)
</failure>
    <system-out><![CDATA[Before navigating to: 'https://www.crmpro.com/'
Navigated to:'https://www.crmpro.com/'
Trying to find Element By : By.name: username
Found Element By : By.name: username
Value of the:[[ChromeDriver: chrome on LINUX (a9866b7d01d06ebf0609407db4ba0f15)] -> name: username] before any changes made
Element value changed to: [[ChromeDriver: chrome on LINUX (a9866b7d01d06ebf0609407db4ba0f15)] -> name: username]
Trying to find Element By : By.name: password
Found Element By : By.name: password
Value of the:[[ChromeDriver: chrome on LINUX (a9866b7d01d06ebf0609407db4ba0f15)] -> name: password] before any changes made
Element value changed to: [[ChromeDriver: chrome on LINUX (a9866b7d01d06ebf0609407db4ba0f15)] -> name: password]
Trying to find Element By : By.xpath: //input[@type='submit']
Found Element By : By.xpath: //input[@type='submit']
Trying to click on: [[ChromeDriver: chrome on LINUX (a9866b7d01d06ebf0609407db4ba0f15)] -> xpath: //input[@type='submit']]
Clicked on: [[ChromeDriver: chrome on LINUX (a9866b7d01d06ebf0609407db4ba0f15)] -> xpath: //input[@type='submit']]
Trying to find Element By : By.xpath: //a[contains(text(),'Contacts')]
Found Element By : By.xpath: //a[contains(text(),'Contacts')]
Trying to click on: [[ChromeDriver: chrome on LINUX (a9866b7d01d06ebf0609407db4ba0f15)] -> xpath: //a[contains(text(),'Contacts')]]
Clicked on: [[ChromeDriver: chrome on LINUX (a9866b7d01d06ebf0609407db4ba0f15)] -> xpath: //a[contains(text(),'Contacts')]]
Trying to find Element By : By.xpath: //a[contains(text(),'Contacts')]
Found Element By : By.xpath: //a[contains(text(),'Contacts')]
Trying to find Element By : By.xpath: //a[@title='New Contact']
Found Element By : By.xpath: //a[@title='New Contact']
Trying to find Element By : By.xpath: //a[@title='New Contact']
Found Element By : By.xpath: //a[@title='New Contact']
Trying to find Element By : By.xpath: //a[@title='New Contact']
Found Element By : By.xpath: //a[@title='New Contact']
Trying to find Element By : By.xpath: //a[@title='New Contact']
Found Element By : By.xpath: //a[@title='New Contact']
Trying to find Element By : By.xpath: //a[@title='New Contact']
Found Element By : By.xpath: //a[@title='New Contact']
Trying to find Element By : By.xpath: //a[@title='New Contact']
Found Element By : By.xpath: //a[@title='New Contact']
Trying to find Element By : By.xpath: //a[@title='New Contact']
Found Element By : By.xpath: //a[@title='New Contact']
Trying to find Element By : By.xpath: //a[@title='New Contact']
Found Element By : By.xpath: //a[@title='New Contact']
Trying to find Element By : By.xpath: //a[@title='New Contact']
Found Element By : By.xpath: //a[@title='New Contact']
Trying to find Element By : By.xpath: //a[@title='New Contact']
Found Element By : By.xpath: //a[@title='New Contact']
Trying to find Element By : By.xpath: //a[@title='New Contact']
Found Element By : By.xpath: //a[@title='New Contact']
Trying to find Element By : By.xpath: //a[@title='New Contact']
Found Element By : By.xpath: //a[@title='New Contact']
Trying to find Element By : By.xpath: //a[@title='New Contact']
Found Element By : By.xpath: //a[@title='New Contact']
Trying to find Element By : By.xpath: //a[@title='New Contact']
Found Element By : By.xpath: //a[@title='New Contact']
Trying to find Element By : By.xpath: //a[@title='New Contact']
Found Element By : By.xpath: //a[@title='New Contact']
Trying to find Element By : By.xpath: //a[@title='New Contact']
Found Element By : By.xpath: //a[@title='New Contact']
Trying to find Element By : By.xpath: //a[@title='New Contact']
Found Element By : By.xpath: //a[@title='New Contact']
Trying to find Element By : By.xpath: //a[@title='New Contact']
Found Element By : By.xpath: //a[@title='New Contact']
Trying to find Element By : By.xpath: //a[@title='New Contact']
Found Element By : By.xpath: //a[@title='New Contact']
Trying to find Element By : By.xpath: //a[@title='New Contact']
Found Element By : By.xpath: //a[@title='New Contact']
Trying to find Element By : By.xpath: //a[@title='New Contact']
Found Element By : By.xpath: //a[@title='New Contact']
Trying to find Element By : By.xpath: //a[@title='New Contact']
Found Element By : By.xpath: //a[@title='New Contact']
Trying to find Element By : By.xpath: //a[@title='New Contact']
Found Element By : By.xpath: //a[@title='New Contact']
Trying to find Element By : By.xpath: //a[@title='New Contact']
Found Element By : By.xpath: //a[@title='New Contact']
Trying to find Element By : By.xpath: //a[@title='New Contact']
Found Element By : By.xpath: //a[@title='New Contact']
Trying to find Element By : By.xpath: //a[@title='New Contact']
Found Element By : By.xpath: //a[@title='New Contact']
Trying to find Element By : By.xpath: //a[@title='New Contact']
Found Element By : By.xpath: //a[@title='New Contact']
Trying to find Element By : By.xpath: //a[@title='New Contact']
Found Element By : By.xpath: //a[@title='New Contact']
Trying to find Element By : By.xpath: //a[@title='New Contact']
Found Element By : By.xpath: //a[@title='New Contact']
Trying to find Element By : By.xpath: //a[@title='New Contact']
Found Element By : By.xpath: //a[@title='New Contact']
Trying to find Element By : By.xpath: //a[@title='New Contact']
Found Element By : By.xpath: //a[@title='New Contact']
Trying to find Element By : By.xpath: //a[@title='New Contact']
Found Element By : By.xpath: //a[@title='New Contact']
Trying to find Element By : By.xpath: //a[@title='New Contact']
Found Element By : By.xpath: //a[@title='New Contact']
Trying to find Element By : By.xpath: //a[@title='New Contact']
Found Element By : By.xpath: //a[@title='New Contact']
Trying to find Element By : By.xpath: //a[@title='New Contact']
Found Element By : By.xpath: //a[@title='New Contact']
Trying to find Element By : By.xpath: //a[@title='New Contact']
Found Element By : By.xpath: //a[@title='New Contact']
Trying to find Element By : By.xpath: //a[@title='New Contact']
Found Element By : By.xpath: //a[@title='New Contact']
]]></system-out>
    <system-err><![CDATA[Starting ChromeDriver 80.0.3987.106 (f68069574609230cf9b635cd784cfb1bf81bb53a-refs/branch-heads/3987@{#882}) on port 29659
Only local connections are allowed.
Please protect ports used by ChromeDriver and related test frameworks to prevent access by malicious code.
Jun 07, 2020 8:38:16 AM org.openqa.selenium.remote.ProtocolHandshake createSession
INFO: Detected dialect: W3C
[1591499297.983][SEVERE]: Timed out receiving message from renderer: 0.100
[1591499298.086][SEVERE]: Timed out receiving message from renderer: 0.100
[1591499298.189][SEVERE]: Timed out receiving message from renderer: 0.100
[1591499298.291][SEVERE]: Timed out receiving message from renderer: 0.100
[1591499298.402][SEVERE]: Timed out receiving message from renderer: 0.100
[1591499298.504][SEVERE]: Timed out receiving message from renderer: 0.100
[1591499298.608][SEVERE]: Timed out receiving message from renderer: 0.100
[1591499298.710][SEVERE]: Timed out receiving message from renderer: 0.100
[1591499298.813][SEVERE]: Timed out receiving message from renderer: 0.100
[1591499298.916][SEVERE]: Timed out receiving message from renderer: 0.100
[1591499299.019][SEVERE]: Timed out receiving message from renderer: 0.100
[1591499299.122][SEVERE]: Timed out receiving message from renderer: 0.100
[1591499299.225][SEVERE]: Timed out receiving message from renderer: 0.100
[1591499299.327][SEVERE]: Timed out receiving message from renderer: 0.100
[1591499299.618][SEVERE]: Timed out receiving message from renderer: 0.100
[1591499299.720][SEVERE]: Timed out receiving message from renderer: 0.100
[1591499299.826][SEVERE]: Timed out receiving message from renderer: 0.100
[1591499299.940][SEVERE]: Timed out receiving message from renderer: 0.100
[1591499300.056][SEVERE]: Timed out receiving message from renderer: 0.100
[1591499300.159][SEVERE]: Timed out receiving message from renderer: 0.100
[1591499300.261][SEVERE]: Timed out receiving message from renderer: 0.100
[1591499300.363][SEVERE]: Timed out receiving message from renderer: 0.100
[1591499300.465][SEVERE]: Timed out receiving message from renderer: 0.100
[1591499300.567][SEVERE]: Timed out receiving message from renderer: 0.100
[1591499300.669][SEVERE]: Timed out receiving message from renderer: 0.100
[1591499300.775][SEVERE]: Timed out receiving message from renderer: 0.100
[1591499300.877][SEVERE]: Timed out receiving message from renderer: 0.100
[1591499300.980][SEVERE]: Timed out receiving message from renderer: 0.100
[1591499301.082][SEVERE]: Timed out receiving message from renderer: 0.100
[1591499301.184][SEVERE]: Timed out receiving message from renderer: 0.100
[1591499301.286][SEVERE]: Timed out receiving message from renderer: 0.100
[1591499301.392][SEVERE]: Timed out receiving message from renderer: 0.100
[1591499301.494][SEVERE]: Timed out receiving message from renderer: 0.100
[1591499301.596][SEVERE]: Timed out receiving message from renderer: 0.100
[1591499301.698][SEVERE]: Timed out receiving message from renderer: 0.100
[1591499301.800][SEVERE]: Timed out receiving message from renderer: 0.100
[1591499301.902][SEVERE]: Timed out receiving message from renderer: 0.100
[1591499302.005][SEVERE]: Timed out receiving message from renderer: 0.100
[1591499302.108][SEVERE]: Timed out receiving message from renderer: 0.100
[1591499302.210][SEVERE]: Timed out receiving message from renderer: 0.100
[1591499302.312][SEVERE]: Timed out receiving message from renderer: 0.100
[1591499302.415][SEVERE]: Timed out receiving message from renderer: 0.100
[1591499302.529][SEVERE]: Timed out receiving message from renderer: 0.100
[1591499302.631][SEVERE]: Timed out receiving message from renderer: 0.100
[1591499302.733][SEVERE]: Timed out receiving message from renderer: 0.100
[1591499302.836][SEVERE]: Timed out receiving message from renderer: 0.100
[1591499302.939][SEVERE]: Timed out receiving message from renderer: 0.100
[1591499303.043][SEVERE]: Timed out receiving message from renderer: 0.100
[1591499303.145][SEVERE]: Timed out receiving message from renderer: 0.100
[1591499303.247][SEVERE]: Timed out receiving message from renderer: 0.100
[1591499303.349][SEVERE]: Timed out receiving message from renderer: 0.100
[1591499303.451][SEVERE]: Timed out receiving message from renderer: 0.100
[1591499303.553][SEVERE]: Timed out receiving message from renderer: 0.100
[1591499303.658][SEVERE]: Timed out receiving message from renderer: 0.100
[1591499303.760][SEVERE]: Timed out receiving message from renderer: 0.100
[1591499305.879][SEVERE]: Timed out receiving message from renderer: 0.100
[1591499305.982][SEVERE]: Timed out receiving message from renderer: 0.100
[1591499306.084][SEVERE]: Timed out receiving message from renderer: 0.100
[1591499306.186][SEVERE]: Timed out receiving message from renderer: 0.100
[1591499306.425][SEVERE]: Timed out receiving message from renderer: 0.100
[1591499306.527][SEVERE]: Timed out receiving message from renderer: 0.100
[1591499306.696][SEVERE]: Timed out receiving message from renderer: 0.100
[1591499306.798][SEVERE]: Timed out receiving message from renderer: 0.100
[1591499306.901][SEVERE]: Timed out receiving message from renderer: 0.100
[1591499307.003][SEVERE]: Timed out receiving message from renderer: 0.100
[1591499307.105][SEVERE]: Timed out receiving message from renderer: 0.100
[1591499307.208][SEVERE]: Timed out receiving message from renderer: 0.100
[1591499307.310][SEVERE]: Timed out receiving message from renderer: 0.100
[1591499307.411][SEVERE]: Timed out receiving message from renderer: 0.100
[1591499307.513][SEVERE]: Timed out receiving message from renderer: 0.100
[1591499307.616][SEVERE]: Timed out receiving message from renderer: 0.100
[1591499307.718][SEVERE]: Timed out receiving message from renderer: 0.100
[1591499307.819][SEVERE]: Timed out receiving message from renderer: 0.100
[1591499307.922][SEVERE]: Timed out receiving message from renderer: 0.100
[1591499308.025][SEVERE]: Timed out receiving message from renderer: 0.100
[1591499308.127][SEVERE]: Timed out receiving message from renderer: 0.100
[1591499308.230][SEVERE]: Timed out receiving message from renderer: 0.100
[1591499308.331][SEVERE]: Timed out receiving message from renderer: 0.100
[1591499308.433][SEVERE]: Timed out receiving message from renderer: 0.100
[1591499308.536][SEVERE]: Timed out receiving message from renderer: 0.100
[1591499308.638][SEVERE]: Timed out receiving message from renderer: 0.100
[1591499308.741][SEVERE]: Timed out receiving message from renderer: 0.100
[1591499308.925][SEVERE]: Timed out receiving message from renderer: 0.100
[1591499309.027][SEVERE]: Timed out receiving message from renderer: 0.100
[1591499309.130][SEVERE]: Timed out receiving message from renderer: 0.100
[1591499309.232][SEVERE]: Timed out receiving message from renderer: 0.100
[1591499309.335][SEVERE]: Timed out receiving message from renderer: 0.100
[1591499309.436][SEVERE]: Timed out receiving message from renderer: 0.100
[1591499309.637][SEVERE]: Timed out receiving message from renderer: 0.100
[1591499309.740][SEVERE]: Timed out receiving message from renderer: 0.100
[1591499309.843][SEVERE]: Timed out receiving message from renderer: 0.100
[1591499309.962][SEVERE]: Timed out receiving message from renderer: 0.100
[1591499310.065][SEVERE]: Timed out receiving message from renderer: 0.100
[1591499310.168][SEVERE]: Timed out receiving message from renderer: 0.100
[1591499310.270][SEVERE]: Timed out receiving message from renderer: 0.100
[1591499310.373][SEVERE]: Timed out receiving message from renderer: 0.100
[1591499310.476][SEVERE]: Timed out receiving message from renderer: 0.100
[1591499310.578][SEVERE]: Timed out receiving message from renderer: 0.100
[1591499310.680][SEVERE]: Timed out receiving message from renderer: 0.100
[1591499310.783][SEVERE]: Timed out receiving message from renderer: 0.100
[1591499310.885][SEVERE]: Timed out receiving message from renderer: 0.100
[1591499310.988][SEVERE]: Timed out receiving message from renderer: 0.100
[1591499311.091][SEVERE]: Timed out receiving message from renderer: 0.100
[1591499311.242][SEVERE]: Timed out receiving message from renderer: 0.100
[1591499311.344][SEVERE]: Timed out receiving message from renderer: 0.100
[1591499311.445][SEVERE]: Timed out receiving message from renderer: 0.100
[1591499311.548][SEVERE]: Timed out receiving message from renderer: 0.100
[1591499311.651][SEVERE]: Timed out receiving message from renderer: 0.100
[1591499311.754][SEVERE]: Timed out receiving message from renderer: 0.100
[1591499311.856][SEVERE]: Timed out receiving message from renderer: 0.100
[1591499311.959][SEVERE]: Timed out receiving message from renderer: 0.100
[1591499312.227][SEVERE]: Timed out receiving message from renderer: 0.100
[1591499312.330][SEVERE]: Timed out receiving message from renderer: 0.100
[1591499312.433][SEVERE]: Timed out receiving message from renderer: 0.100
[1591499312.534][SEVERE]: Timed out receiving message from renderer: 0.100
[1591499312.637][SEVERE]: Timed out receiving message from renderer: 0.100
[1591499312.795][SEVERE]: Timed out receiving message from renderer: 0.100
[1591499312.898][SEVERE]: Timed out receiving message from renderer: 0.100
[1591499313.001][SEVERE]: Timed out receiving message from renderer: 0.100
[1591499313.104][SEVERE]: Timed out receiving message from renderer: 0.100
[1591499313.207][SEVERE]: Timed out receiving message from renderer: 0.100
[1591499313.522][SEVERE]: Timed out receiving message from renderer: 0.100
[1591499313.625][SEVERE]: Timed out receiving message from renderer: 0.100
]]></system-err>
  </testcase>
  <testcase name="validateCreateNewContact" classname="com.crm.qa.testcases.ContactsPageTest" time="20.671">
    <failure message="Expected condition failed: waiting for element to be clickable: By.xpath: //a[@title=&apos;New Contact&apos;] (tried for 20 second(s) with 500 milliseconds interval)&#10;Build info: version: &apos;3.141.59&apos;, revision: &apos;e82be7d358&apos;, time: &apos;2018-11-14T08:17:03&apos;&#10;System info: host: &apos;akash-Vostro-3480&apos;, ip: &apos;127.0.1.1&apos;, os.name: &apos;Linux&apos;, os.arch: &apos;amd64&apos;, os.version: &apos;5.0.0-32-generic&apos;, java.version: &apos;1.8.0_241&apos;&#10;Driver info: org.openqa.selenium.support.events.EventFiringWebDriver&#10;Capabilities {acceptInsecureCerts: false, browserName: chrome, browserVersion: 80.0.3987.149, chrome: {chromedriverVersion: 80.0.3987.106 (f68069574609..., userDataDir: /tmp/.com.google.Chrome.15v07o}, goog:chromeOptions: {debuggerAddress: localhost:46389}, javascriptEnabled: true, networkConnectionEnabled: false, pageLoadStrategy: normal, platform: LINUX, platformName: LINUX, proxy: Proxy(), setWindowRect: true, strictFileInteractability: false, timeouts: {implicit: 0, pageLoad: 300000, script: 30000}, unhandledPromptBehavior: dismiss and notify}&#10;Session ID: 24ee2840382f8c8a0bca1c3f0c3feed7" type="org.openqa.selenium.TimeoutException">org.openqa.selenium.TimeoutException: 
Expected condition failed: waiting for element to be clickable: By.xpath: //a[@title='New Contact'] (tried for 20 second(s) with 500 milliseconds interval)
Build info: version: '3.141.59', revision: 'e82be7d358', time: '2018-11-14T08:17:03'
System info: host: 'akash-Vostro-3480', ip: '127.0.1.1', os.name: 'Linux', os.arch: 'amd64', os.version: '5.0.0-32-generic', java.version: '1.8.0_241'
Driver info: org.openqa.selenium.support.events.EventFiringWebDriver
Capabilities {acceptInsecureCerts: false, browserName: chrome, browserVersion: 80.0.3987.149, chrome: {chromedriverVersion: 80.0.3987.106 (f68069574609..., userDataDir: /tmp/.com.google.Chrome.15v07o}, goog:chromeOptions: {debuggerAddress: localhost:46389}, javascriptEnabled: true, networkConnectionEnabled: false, pageLoadStrategy: normal, platform: LINUX, platformName: LINUX, proxy: Proxy(), setWindowRect: true, strictFileInteractability: false, timeouts: {implicit: 0, pageLoad: 300000, script: 30000}, unhandledPromptBehavior: dismiss and notify}
Session ID: 24ee2840382f8c8a0bca1c3f0c3feed7
	at com.crm.qa.testcases.ContactsPageTest.validateCreateNewContact(ContactsPageTest.java:50)
</failure>
    <system-out><![CDATA[Before navigating to: 'https://www.crmpro.com/'
Navigated to:'https://www.crmpro.com/'
Trying to find Element By : By.name: username
Found Element By : By.name: username
Value of the:[[ChromeDriver: chrome on LINUX (24ee2840382f8c8a0bca1c3f0c3feed7)] -> name: username] before any changes made
Element value changed to: [[ChromeDriver: chrome on LINUX (24ee2840382f8c8a0bca1c3f0c3feed7)] -> name: username]
Trying to find Element By : By.name: password
Found Element By : By.name: password
Value of the:[[ChromeDriver: chrome on LINUX (24ee2840382f8c8a0bca1c3f0c3feed7)] -> name: password] before any changes made
Element value changed to: [[ChromeDriver: chrome on LINUX (24ee2840382f8c8a0bca1c3f0c3feed7)] -> name: password]
Trying to find Element By : By.xpath: //input[@type='submit']
Found Element By : By.xpath: //input[@type='submit']
Trying to click on: [[ChromeDriver: chrome on LINUX (24ee2840382f8c8a0bca1c3f0c3feed7)] -> xpath: //input[@type='submit']]
Clicked on: [[ChromeDriver: chrome on LINUX (24ee2840382f8c8a0bca1c3f0c3feed7)] -> xpath: //input[@type='submit']]
Trying to find Element By : By.xpath: //a[contains(text(),'Contacts')]
Found Element By : By.xpath: //a[contains(text(),'Contacts')]
Trying to click on: [[ChromeDriver: chrome on LINUX (24ee2840382f8c8a0bca1c3f0c3feed7)] -> xpath: //a[contains(text(),'Contacts')]]
Clicked on: [[ChromeDriver: chrome on LINUX (24ee2840382f8c8a0bca1c3f0c3feed7)] -> xpath: //a[contains(text(),'Contacts')]]
Trying to find Element By : By.xpath: //a[contains(text(),'Contacts')]
Found Element By : By.xpath: //a[contains(text(),'Contacts')]
Trying to find Element By : By.xpath: //a[@title='New Contact']
Found Element By : By.xpath: //a[@title='New Contact']
Trying to find Element By : By.xpath: //a[@title='New Contact']
Found Element By : By.xpath: //a[@title='New Contact']
Trying to find Element By : By.xpath: //a[@title='New Contact']
Found Element By : By.xpath: //a[@title='New Contact']
Trying to find Element By : By.xpath: //a[@title='New Contact']
Found Element By : By.xpath: //a[@title='New Contact']
Trying to find Element By : By.xpath: //a[@title='New Contact']
Found Element By : By.xpath: //a[@title='New Contact']
Trying to find Element By : By.xpath: //a[@title='New Contact']
Found Element By : By.xpath: //a[@title='New Contact']
Trying to find Element By : By.xpath: //a[@title='New Contact']
Found Element By : By.xpath: //a[@title='New Contact']
Trying to find Element By : By.xpath: //a[@title='New Contact']
Found Element By : By.xpath: //a[@title='New Contact']
Trying to find Element By : By.xpath: //a[@title='New Contact']
Found Element By : By.xpath: //a[@title='New Contact']
Trying to find Element By : By.xpath: //a[@title='New Contact']
Found Element By : By.xpath: //a[@title='New Contact']
Trying to find Element By : By.xpath: //a[@title='New Contact']
Found Element By : By.xpath: //a[@title='New Contact']
Trying to find Element By : By.xpath: //a[@title='New Contact']
Found Element By : By.xpath: //a[@title='New Contact']
Trying to find Element By : By.xpath: //a[@title='New Contact']
Found Element By : By.xpath: //a[@title='New Contact']
Trying to find Element By : By.xpath: //a[@title='New Contact']
Found Element By : By.xpath: //a[@title='New Contact']
Trying to find Element By : By.xpath: //a[@title='New Contact']
Found Element By : By.xpath: //a[@title='New Contact']
Trying to find Element By : By.xpath: //a[@title='New Contact']
Found Element By : By.xpath: //a[@title='New Contact']
Trying to find Element By : By.xpath: //a[@title='New Contact']
Found Element By : By.xpath: //a[@title='New Contact']
Trying to find Element By : By.xpath: //a[@title='New Contact']
Found Element By : By.xpath: //a[@title='New Contact']
Trying to find Element By : By.xpath: //a[@title='New Contact']
Found Element By : By.xpath: //a[@title='New Contact']
Trying to find Element By : By.xpath: //a[@title='New Contact']
Found Element By : By.xpath: //a[@title='New Contact']
Trying to find Element By : By.xpath: //a[@title='New Contact']
Found Element By : By.xpath: //a[@title='New Contact']
Trying to find Element By : By.xpath: //a[@title='New Contact']
Found Element By : By.xpath: //a[@title='New Contact']
Trying to find Element By : By.xpath: //a[@title='New Contact']
Found Element By : By.xpath: //a[@title='New Contact']
Trying to find Element By : By.xpath: //a[@title='New Contact']
Found Element By : By.xpath: //a[@title='New Contact']
Trying to find Element By : By.xpath: //a[@title='New Contact']
Found Element By : By.xpath: //a[@title='New Contact']
Trying to find Element By : By.xpath: //a[@title='New Contact']
Found Element By : By.xpath: //a[@title='New Contact']
Trying to find Element By : By.xpath: //a[@title='New Contact']
Found Element By : By.xpath: //a[@title='New Contact']
Trying to find Element By : By.xpath: //a[@title='New Contact']
Found Element By : By.xpath: //a[@title='New Contact']
Trying to find Element By : By.xpath: //a[@title='New Contact']
Found Element By : By.xpath: //a[@title='New Contact']
Trying to find Element By : By.xpath: //a[@title='New Contact']
Found Element By : By.xpath: //a[@title='New Contact']
Trying to find Element By : By.xpath: //a[@title='New Contact']
Found Element By : By.xpath: //a[@title='New Contact']
Trying to find Element By : By.xpath: //a[@title='New Contact']
Found Element By : By.xpath: //a[@title='New Contact']
Trying to find Element By : By.xpath: //a[@title='New Contact']
Found Element By : By.xpath: //a[@title='New Contact']
Trying to find Element By : By.xpath: //a[@title='New Contact']
Found Element By : By.xpath: //a[@title='New Contact']
Trying to find Element By : By.xpath: //a[@title='New Contact']
Found Element By : By.xpath: //a[@title='New Contact']
Trying to find Element By : By.xpath: //a[@title='New Contact']
Found Element By : By.xpath: //a[@title='New Contact']
Trying to find Element By : By.xpath: //a[@title='New Contact']
Found Element By : By.xpath: //a[@title='New Contact']
]]></system-out>
    <system-err><![CDATA[Starting ChromeDriver 80.0.3987.106 (f68069574609230cf9b635cd784cfb1bf81bb53a-refs/branch-heads/3987@{#882}) on port 14798
Only local connections are allowed.
Please protect ports used by ChromeDriver and related test frameworks to prevent access by malicious code.
Jun 07, 2020 8:38:54 AM org.openqa.selenium.remote.ProtocolHandshake createSession
INFO: Detected dialect: W3C
[1591499337.175][SEVERE]: Timed out receiving message from renderer: 0.100
[1591499337.278][SEVERE]: Timed out receiving message from renderer: 0.100
[1591499337.380][SEVERE]: Timed out receiving message from renderer: 0.100
[1591499337.482][SEVERE]: Timed out receiving message from renderer: 0.100
[1591499337.584][SEVERE]: Timed out receiving message from renderer: 0.100
[1591499337.687][SEVERE]: Timed out receiving message from renderer: 0.100
[1591499337.789][SEVERE]: Timed out receiving message from renderer: 0.100
[1591499337.892][SEVERE]: Timed out receiving message from renderer: 0.100
[1591499337.994][SEVERE]: Timed out receiving message from renderer: 0.100
[1591499338.096][SEVERE]: Timed out receiving message from renderer: 0.100
[1591499338.197][SEVERE]: Timed out receiving message from renderer: 0.100
[1591499338.300][SEVERE]: Timed out receiving message from renderer: 0.100
[1591499338.402][SEVERE]: Timed out receiving message from renderer: 0.100
[1591499338.504][SEVERE]: Timed out receiving message from renderer: 0.100
[1591499338.606][SEVERE]: Timed out receiving message from renderer: 0.100
[1591499338.708][SEVERE]: Timed out receiving message from renderer: 0.100
[1591499338.810][SEVERE]: Timed out receiving message from renderer: 0.100
[1591499338.914][SEVERE]: Timed out receiving message from renderer: 0.100
[1591499339.016][SEVERE]: Timed out receiving message from renderer: 0.100
[1591499339.119][SEVERE]: Timed out receiving message from renderer: 0.100
[1591499339.220][SEVERE]: Timed out receiving message from renderer: 0.100
[1591499339.323][SEVERE]: Timed out receiving message from renderer: 0.100
[1591499339.425][SEVERE]: Timed out receiving message from renderer: 0.100
[1591499340.071][SEVERE]: Timed out receiving message from renderer: 0.100
[1591499340.194][SEVERE]: Timed out receiving message from renderer: 0.100
[1591499340.296][SEVERE]: Timed out receiving message from renderer: 0.100
[1591499340.411][SEVERE]: Timed out receiving message from renderer: 0.100
[1591499340.532][SEVERE]: Timed out receiving message from renderer: 0.100
[1591499340.634][SEVERE]: Timed out receiving message from renderer: 0.100
[1591499340.736][SEVERE]: Timed out receiving message from renderer: 0.100
[1591499340.838][SEVERE]: Timed out receiving message from renderer: 0.100
[1591499340.941][SEVERE]: Timed out receiving message from renderer: 0.100
[1591499341.044][SEVERE]: Timed out receiving message from renderer: 0.100
[1591499341.147][SEVERE]: Timed out receiving message from renderer: 0.100
[1591499341.249][SEVERE]: Timed out receiving message from renderer: 0.100
[1591499341.351][SEVERE]: Timed out receiving message from renderer: 0.100
[1591499341.453][SEVERE]: Timed out receiving message from renderer: 0.100
[1591499341.555][SEVERE]: Timed out receiving message from renderer: 0.100
[1591499341.657][SEVERE]: Timed out receiving message from renderer: 0.100
[1591499341.762][SEVERE]: Timed out receiving message from renderer: 0.100
[1591499341.864][SEVERE]: Timed out receiving message from renderer: 0.100
[1591499341.966][SEVERE]: Timed out receiving message from renderer: 0.100
[1591499342.068][SEVERE]: Timed out receiving message from renderer: 0.100
[1591499342.170][SEVERE]: Timed out receiving message from renderer: 0.100
[1591499342.273][SEVERE]: Timed out receiving message from renderer: 0.100
[1591499342.377][SEVERE]: Timed out receiving message from renderer: 0.100
[1591499342.479][SEVERE]: Timed out receiving message from renderer: 0.100
[1591499342.581][SEVERE]: Timed out receiving message from renderer: 0.100
[1591499342.683][SEVERE]: Timed out receiving message from renderer: 0.100
[1591499342.785][SEVERE]: Timed out receiving message from renderer: 0.100
[1591499342.887][SEVERE]: Timed out receiving message from renderer: 0.100
[1591499345.054][SEVERE]: Timed out receiving message from renderer: 0.100
[1591499345.156][SEVERE]: Timed out receiving message from renderer: 0.100
[1591499345.259][SEVERE]: Timed out receiving message from renderer: 0.100
[1591499345.361][SEVERE]: Timed out receiving message from renderer: 0.100
[1591499345.571][SEVERE]: Timed out receiving message from renderer: 0.100
[1591499345.673][SEVERE]: Timed out receiving message from renderer: 0.100
[1591499345.776][SEVERE]: Timed out receiving message from renderer: 0.100
[1591499345.878][SEVERE]: Timed out receiving message from renderer: 0.100
[1591499345.981][SEVERE]: Timed out receiving message from renderer: 0.100
[1591499346.111][SEVERE]: Timed out receiving message from renderer: 0.100
[1591499346.213][SEVERE]: Timed out receiving message from renderer: 0.100
[1591499346.315][SEVERE]: Timed out receiving message from renderer: 0.100
[1591499346.417][SEVERE]: Timed out receiving message from renderer: 0.100
[1591499346.521][SEVERE]: Timed out receiving message from renderer: 0.100
[1591499346.623][SEVERE]: Timed out receiving message from renderer: 0.100
[1591499346.726][SEVERE]: Timed out receiving message from renderer: 0.100
[1591499346.829][SEVERE]: Timed out receiving message from renderer: 0.100
[1591499346.931][SEVERE]: Timed out receiving message from renderer: 0.100
[1591499347.034][SEVERE]: Timed out receiving message from renderer: 0.100
[1591499347.136][SEVERE]: Timed out receiving message from renderer: 0.100
[1591499347.239][SEVERE]: Timed out receiving message from renderer: 0.100
[1591499347.342][SEVERE]: Timed out receiving message from renderer: 0.100
[1591499347.444][SEVERE]: Timed out receiving message from renderer: 0.100
[1591499347.545][SEVERE]: Timed out receiving message from renderer: 0.100
[1591499347.648][SEVERE]: Timed out receiving message from renderer: 0.100
[1591499347.750][SEVERE]: Timed out receiving message from renderer: 0.100
[1591499347.853][SEVERE]: Timed out receiving message from renderer: 0.100
[1591499347.955][SEVERE]: Timed out receiving message from renderer: 0.100
[1591499348.057][SEVERE]: Timed out receiving message from renderer: 0.100
[1591499348.160][SEVERE]: Timed out receiving message from renderer: 0.100
[1591499348.264][SEVERE]: Timed out receiving message from renderer: 0.100
[1591499348.366][SEVERE]: Timed out receiving message from renderer: 0.100
[1591499348.468][SEVERE]: Timed out receiving message from renderer: 0.100
[1591499348.571][SEVERE]: Timed out receiving message from renderer: 0.100
[1591499348.675][SEVERE]: Timed out receiving message from renderer: 0.100
[1591499348.778][SEVERE]: Timed out receiving message from renderer: 0.100
[1591499348.880][SEVERE]: Timed out receiving message from renderer: 0.100
[1591499349.054][SEVERE]: Timed out receiving message from renderer: 0.100
[1591499349.157][SEVERE]: Timed out receiving message from renderer: 0.100
[1591499349.260][SEVERE]: Timed out receiving message from renderer: 0.100
[1591499349.363][SEVERE]: Timed out receiving message from renderer: 0.100
[1591499349.575][SEVERE]: Timed out receiving message from renderer: 0.100
[1591499349.678][SEVERE]: Timed out receiving message from renderer: 0.100
[1591499349.780][SEVERE]: Timed out receiving message from renderer: 0.100
[1591499349.882][SEVERE]: Timed out receiving message from renderer: 0.100
[1591499349.984][SEVERE]: Timed out receiving message from renderer: 0.100
[1591499350.086][SEVERE]: Timed out receiving message from renderer: 0.100
[1591499350.188][SEVERE]: Timed out receiving message from renderer: 0.100
[1591499350.291][SEVERE]: Timed out receiving message from renderer: 0.100
[1591499350.394][SEVERE]: Timed out receiving message from renderer: 0.100
[1591499350.496][SEVERE]: Timed out receiving message from renderer: 0.100
[1591499350.598][SEVERE]: Timed out receiving message from renderer: 0.100
[1591499350.700][SEVERE]: Timed out receiving message from renderer: 0.100
[1591499350.802][SEVERE]: Timed out receiving message from renderer: 0.100
[1591499350.905][SEVERE]: Timed out receiving message from renderer: 0.100
[1591499351.008][SEVERE]: Timed out receiving message from renderer: 0.100
[1591499351.111][SEVERE]: Timed out receiving message from renderer: 0.100
[1591499351.214][SEVERE]: Timed out receiving message from renderer: 0.100
[1591499351.317][SEVERE]: Timed out receiving message from renderer: 0.100
[1591499351.419][SEVERE]: Timed out receiving message from renderer: 0.100
[1591499351.521][SEVERE]: Timed out receiving message from renderer: 0.100
[1591499351.624][SEVERE]: Timed out receiving message from renderer: 0.100
[1591499351.727][SEVERE]: Timed out receiving message from renderer: 0.100
[1591499352.002][SEVERE]: Timed out receiving message from renderer: 0.100
[1591499352.104][SEVERE]: Timed out receiving message from renderer: 0.100
[1591499352.207][SEVERE]: Timed out receiving message from renderer: 0.100
[1591499352.309][SEVERE]: Timed out receiving message from renderer: 0.100
[1591499352.412][SEVERE]: Timed out receiving message from renderer: 0.100
[1591499352.515][SEVERE]: Timed out receiving message from renderer: 0.100
[1591499352.646][SEVERE]: Timed out receiving message from renderer: 0.100
[1591499352.748][SEVERE]: Timed out receiving message from renderer: 0.100
[1591499352.851][SEVERE]: Timed out receiving message from renderer: 0.100
[1591499352.954][SEVERE]: Timed out receiving message from renderer: 0.100
[1591499353.248][SEVERE]: Timed out receiving message from renderer: 0.100
[1591499353.351][SEVERE]: Timed out receiving message from renderer: 0.100
]]></system-err>
  </testcase>
  <testcase name="validateCreateNewContact" classname="com.crm.qa.testcases.ContactsPageTest" time="20.207">
    <failure message="Expected condition failed: waiting for element to be clickable: By.xpath: //a[@title=&apos;New Contact&apos;] (tried for 20 second(s) with 500 milliseconds interval)&#10;Build info: version: &apos;3.141.59&apos;, revision: &apos;e82be7d358&apos;, time: &apos;2018-11-14T08:17:03&apos;&#10;System info: host: &apos;akash-Vostro-3480&apos;, ip: &apos;127.0.1.1&apos;, os.name: &apos;Linux&apos;, os.arch: &apos;amd64&apos;, os.version: &apos;5.0.0-32-generic&apos;, java.version: &apos;1.8.0_241&apos;&#10;Driver info: org.openqa.selenium.support.events.EventFiringWebDriver&#10;Capabilities {acceptInsecureCerts: false, browserName: chrome, browserVersion: 80.0.3987.149, chrome: {chromedriverVersion: 80.0.3987.106 (f68069574609..., userDataDir: /tmp/.com.google.Chrome.vRMvQj}, goog:chromeOptions: {debuggerAddress: localhost:37753}, javascriptEnabled: true, networkConnectionEnabled: false, pageLoadStrategy: normal, platform: LINUX, platformName: LINUX, proxy: Proxy(), setWindowRect: true, strictFileInteractability: false, timeouts: {implicit: 0, pageLoad: 300000, script: 30000}, unhandledPromptBehavior: dismiss and notify}&#10;Session ID: 233f8b861e687e77dbc1bb97bedd843c" type="org.openqa.selenium.TimeoutException">org.openqa.selenium.TimeoutException: 
Expected condition failed: waiting for element to be clickable: By.xpath: //a[@title='New Contact'] (tried for 20 second(s) with 500 milliseconds interval)
Build info: version: '3.141.59', revision: 'e82be7d358', time: '2018-11-14T08:17:03'
System info: host: 'akash-Vostro-3480', ip: '127.0.1.1', os.name: 'Linux', os.arch: 'amd64', os.version: '5.0.0-32-generic', java.version: '1.8.0_241'
Driver info: org.openqa.selenium.support.events.EventFiringWebDriver
Capabilities {acceptInsecureCerts: false, browserName: chrome, browserVersion: 80.0.3987.149, chrome: {chromedriverVersion: 80.0.3987.106 (f68069574609..., userDataDir: /tmp/.com.google.Chrome.vRMvQj}, goog:chromeOptions: {debuggerAddress: localhost:37753}, javascriptEnabled: true, networkConnectionEnabled: false, pageLoadStrategy: normal, platform: LINUX, platformName: LINUX, proxy: Proxy(), setWindowRect: true, strictFileInteractability: false, timeouts: {implicit: 0, pageLoad: 300000, script: 30000}, unhandledPromptBehavior: dismiss and notify}
Session ID: 233f8b861e687e77dbc1bb97bedd843c
	at com.crm.qa.testcases.ContactsPageTest.validateCreateNewContact(ContactsPageTest.java:50)
</failure>
    <system-out><![CDATA[Before navigating to: 'https://www.crmpro.com/'
Navigated to:'https://www.crmpro.com/'
Trying to find Element By : By.name: username
Found Element By : By.name: username
Value of the:[[ChromeDriver: chrome on LINUX (233f8b861e687e77dbc1bb97bedd843c)] -> name: username] before any changes made
Element value changed to: [[ChromeDriver: chrome on LINUX (233f8b861e687e77dbc1bb97bedd843c)] -> name: username]
Trying to find Element By : By.name: password
Found Element By : By.name: password
Value of the:[[ChromeDriver: chrome on LINUX (233f8b861e687e77dbc1bb97bedd843c)] -> name: password] before any changes made
Element value changed to: [[ChromeDriver: chrome on LINUX (233f8b861e687e77dbc1bb97bedd843c)] -> name: password]
Trying to find Element By : By.xpath: //input[@type='submit']
Found Element By : By.xpath: //input[@type='submit']
Trying to click on: [[ChromeDriver: chrome on LINUX (233f8b861e687e77dbc1bb97bedd843c)] -> xpath: //input[@type='submit']]
Clicked on: [[ChromeDriver: chrome on LINUX (233f8b861e687e77dbc1bb97bedd843c)] -> xpath: //input[@type='submit']]
Trying to find Element By : By.xpath: //a[contains(text(),'Contacts')]
Found Element By : By.xpath: //a[contains(text(),'Contacts')]
Trying to click on: [[ChromeDriver: chrome on LINUX (233f8b861e687e77dbc1bb97bedd843c)] -> xpath: //a[contains(text(),'Contacts')]]
Clicked on: [[ChromeDriver: chrome on LINUX (233f8b861e687e77dbc1bb97bedd843c)] -> xpath: //a[contains(text(),'Contacts')]]
Trying to find Element By : By.xpath: //a[contains(text(),'Contacts')]
Found Element By : By.xpath: //a[contains(text(),'Contacts')]
Trying to find Element By : By.xpath: //a[@title='New Contact']
Found Element By : By.xpath: //a[@title='New Contact']
Trying to find Element By : By.xpath: //a[@title='New Contact']
Found Element By : By.xpath: //a[@title='New Contact']
Trying to find Element By : By.xpath: //a[@title='New Contact']
Found Element By : By.xpath: //a[@title='New Contact']
Trying to find Element By : By.xpath: //a[@title='New Contact']
Found Element By : By.xpath: //a[@title='New Contact']
Trying to find Element By : By.xpath: //a[@title='New Contact']
Found Element By : By.xpath: //a[@title='New Contact']
Trying to find Element By : By.xpath: //a[@title='New Contact']
Found Element By : By.xpath: //a[@title='New Contact']
Trying to find Element By : By.xpath: //a[@title='New Contact']
Found Element By : By.xpath: //a[@title='New Contact']
Trying to find Element By : By.xpath: //a[@title='New Contact']
Found Element By : By.xpath: //a[@title='New Contact']
Trying to find Element By : By.xpath: //a[@title='New Contact']
Found Element By : By.xpath: //a[@title='New Contact']
Trying to find Element By : By.xpath: //a[@title='New Contact']
Found Element By : By.xpath: //a[@title='New Contact']
Trying to find Element By : By.xpath: //a[@title='New Contact']
Found Element By : By.xpath: //a[@title='New Contact']
Trying to find Element By : By.xpath: //a[@title='New Contact']
Found Element By : By.xpath: //a[@title='New Contact']
Trying to find Element By : By.xpath: //a[@title='New Contact']
Found Element By : By.xpath: //a[@title='New Contact']
Trying to find Element By : By.xpath: //a[@title='New Contact']
Found Element By : By.xpath: //a[@title='New Contact']
Trying to find Element By : By.xpath: //a[@title='New Contact']
Found Element By : By.xpath: //a[@title='New Contact']
Trying to find Element By : By.xpath: //a[@title='New Contact']
Found Element By : By.xpath: //a[@title='New Contact']
Trying to find Element By : By.xpath: //a[@title='New Contact']
Found Element By : By.xpath: //a[@title='New Contact']
Trying to find Element By : By.xpath: //a[@title='New Contact']
Found Element By : By.xpath: //a[@title='New Contact']
Trying to find Element By : By.xpath: //a[@title='New Contact']
Found Element By : By.xpath: //a[@title='New Contact']
Trying to find Element By : By.xpath: //a[@title='New Contact']
Found Element By : By.xpath: //a[@title='New Contact']
Trying to find Element By : By.xpath: //a[@title='New Contact']
Found Element By : By.xpath: //a[@title='New Contact']
Trying to find Element By : By.xpath: //a[@title='New Contact']
Found Element By : By.xpath: //a[@title='New Contact']
Trying to find Element By : By.xpath: //a[@title='New Contact']
Found Element By : By.xpath: //a[@title='New Contact']
Trying to find Element By : By.xpath: //a[@title='New Contact']
Found Element By : By.xpath: //a[@title='New Contact']
Trying to find Element By : By.xpath: //a[@title='New Contact']
Found Element By : By.xpath: //a[@title='New Contact']
Trying to find Element By : By.xpath: //a[@title='New Contact']
Found Element By : By.xpath: //a[@title='New Contact']
Trying to find Element By : By.xpath: //a[@title='New Contact']
Found Element By : By.xpath: //a[@title='New Contact']
Trying to find Element By : By.xpath: //a[@title='New Contact']
Found Element By : By.xpath: //a[@title='New Contact']
Trying to find Element By : By.xpath: //a[@title='New Contact']
Found Element By : By.xpath: //a[@title='New Contact']
Trying to find Element By : By.xpath: //a[@title='New Contact']
Found Element By : By.xpath: //a[@title='New Contact']
Trying to find Element By : By.xpath: //a[@title='New Contact']
Found Element By : By.xpath: //a[@title='New Contact']
Trying to find Element By : By.xpath: //a[@title='New Contact']
Found Element By : By.xpath: //a[@title='New Contact']
Trying to find Element By : By.xpath: //a[@title='New Contact']
Found Element By : By.xpath: //a[@title='New Contact']
Trying to find Element By : By.xpath: //a[@title='New Contact']
Found Element By : By.xpath: //a[@title='New Contact']
Trying to find Element By : By.xpath: //a[@title='New Contact']
Found Element By : By.xpath: //a[@title='New Contact']
Trying to find Element By : By.xpath: //a[@title='New Contact']
Found Element By : By.xpath: //a[@title='New Contact']
]]></system-out>
    <system-err><![CDATA[Starting ChromeDriver 80.0.3987.106 (f68069574609230cf9b635cd784cfb1bf81bb53a-refs/branch-heads/3987@{#882}) on port 32078
Only local connections are allowed.
Please protect ports used by ChromeDriver and related test frameworks to prevent access by malicious code.
Jun 07, 2020 8:39:34 AM org.openqa.selenium.remote.ProtocolHandshake createSession
INFO: Detected dialect: W3C
[1591499377.388][SEVERE]: Timed out receiving message from renderer: 0.100
[1591499377.490][SEVERE]: Timed out receiving message from renderer: 0.100
[1591499377.594][SEVERE]: Timed out receiving message from renderer: 0.100
[1591499377.697][SEVERE]: Timed out receiving message from renderer: 0.100
[1591499377.799][SEVERE]: Timed out receiving message from renderer: 0.100
[1591499377.901][SEVERE]: Timed out receiving message from renderer: 0.100
[1591499378.003][SEVERE]: Timed out receiving message from renderer: 0.100
[1591499378.106][SEVERE]: Timed out receiving message from renderer: 0.100
[1591499378.208][SEVERE]: Timed out receiving message from renderer: 0.100
[1591499378.311][SEVERE]: Timed out receiving message from renderer: 0.100
[1591499378.413][SEVERE]: Timed out receiving message from renderer: 0.100
[1591499378.516][SEVERE]: Timed out receiving message from renderer: 0.100
[1591499378.618][SEVERE]: Timed out receiving message from renderer: 0.100
[1591499378.948][SEVERE]: Timed out receiving message from renderer: 0.100
[1591499379.049][SEVERE]: Timed out receiving message from renderer: 0.100
[1591499379.151][SEVERE]: Timed out receiving message from renderer: 0.100
[1591499379.260][SEVERE]: Timed out receiving message from renderer: 0.100
[1591499379.378][SEVERE]: Timed out receiving message from renderer: 0.100
[1591499379.480][SEVERE]: Timed out receiving message from renderer: 0.100
[1591499379.583][SEVERE]: Timed out receiving message from renderer: 0.100
[1591499379.685][SEVERE]: Timed out receiving message from renderer: 0.100
[1591499379.787][SEVERE]: Timed out receiving message from renderer: 0.100
[1591499379.890][SEVERE]: Timed out receiving message from renderer: 0.100
[1591499379.992][SEVERE]: Timed out receiving message from renderer: 0.100
[1591499380.095][SEVERE]: Timed out receiving message from renderer: 0.100
[1591499380.198][SEVERE]: Timed out receiving message from renderer: 0.100
[1591499380.300][SEVERE]: Timed out receiving message from renderer: 0.100
[1591499380.402][SEVERE]: Timed out receiving message from renderer: 0.100
[1591499380.504][SEVERE]: Timed out receiving message from renderer: 0.100
[1591499380.607][SEVERE]: Timed out receiving message from renderer: 0.100
[1591499380.712][SEVERE]: Timed out receiving message from renderer: 0.100
[1591499380.813][SEVERE]: Timed out receiving message from renderer: 0.100
[1591499380.915][SEVERE]: Timed out receiving message from renderer: 0.100
[1591499381.017][SEVERE]: Timed out receiving message from renderer: 0.100
[1591499381.119][SEVERE]: Timed out receiving message from renderer: 0.100
[1591499381.221][SEVERE]: Timed out receiving message from renderer: 0.100
[1591499381.324][SEVERE]: Timed out receiving message from renderer: 0.100
[1591499381.428][SEVERE]: Timed out receiving message from renderer: 0.100
[1591499381.530][SEVERE]: Timed out receiving message from renderer: 0.100
[1591499381.632][SEVERE]: Timed out receiving message from renderer: 0.100
[1591499381.735][SEVERE]: Timed out receiving message from renderer: 0.100
[1591499381.851][SEVERE]: Timed out receiving message from renderer: 0.100
[1591499381.953][SEVERE]: Timed out receiving message from renderer: 0.100
[1591499382.055][SEVERE]: Timed out receiving message from renderer: 0.100
[1591499382.158][SEVERE]: Timed out receiving message from renderer: 0.100
[1591499382.262][SEVERE]: Timed out receiving message from renderer: 0.100
[1591499382.364][SEVERE]: Timed out receiving message from renderer: 0.100
[1591499382.465][SEVERE]: Timed out receiving message from renderer: 0.100
[1591499382.567][SEVERE]: Timed out receiving message from renderer: 0.100
[1591499382.670][SEVERE]: Timed out receiving message from renderer: 0.100
[1591499382.772][SEVERE]: Timed out receiving message from renderer: 0.100
[1591499382.874][SEVERE]: Timed out receiving message from renderer: 0.100
[1591499382.979][SEVERE]: Timed out receiving message from renderer: 0.100
[1591499385.123][SEVERE]: Timed out receiving message from renderer: 0.100
[1591499385.226][SEVERE]: Timed out receiving message from renderer: 0.100
[1591499385.328][SEVERE]: Timed out receiving message from renderer: 0.100
[1591499385.430][SEVERE]: Timed out receiving message from renderer: 0.100
[1591499385.639][SEVERE]: Timed out receiving message from renderer: 0.100
[1591499385.741][SEVERE]: Timed out receiving message from renderer: 0.100
[1591499385.844][SEVERE]: Timed out receiving message from renderer: 0.100
[1591499385.947][SEVERE]: Timed out receiving message from renderer: 0.100
[1591499386.049][SEVERE]: Timed out receiving message from renderer: 0.100
[1591499386.151][SEVERE]: Timed out receiving message from renderer: 0.100
[1591499386.254][SEVERE]: Timed out receiving message from renderer: 0.100
[1591499386.356][SEVERE]: Timed out receiving message from renderer: 0.100
[1591499386.460][SEVERE]: Timed out receiving message from renderer: 0.100
[1591499386.563][SEVERE]: Timed out receiving message from renderer: 0.100
[1591499386.665][SEVERE]: Timed out receiving message from renderer: 0.100
[1591499386.766][SEVERE]: Timed out receiving message from renderer: 0.100
[1591499386.869][SEVERE]: Timed out receiving message from renderer: 0.100
[1591499386.971][SEVERE]: Timed out receiving message from renderer: 0.100
[1591499387.073][SEVERE]: Timed out receiving message from renderer: 0.100
[1591499387.175][SEVERE]: Timed out receiving message from renderer: 0.100
[1591499387.278][SEVERE]: Timed out receiving message from renderer: 0.100
[1591499387.380][SEVERE]: Timed out receiving message from renderer: 0.100
[1591499387.482][SEVERE]: Timed out receiving message from renderer: 0.100
[1591499387.584][SEVERE]: Timed out receiving message from renderer: 0.100
[1591499387.687][SEVERE]: Timed out receiving message from renderer: 0.100
[1591499387.789][SEVERE]: Timed out receiving message from renderer: 0.100
[1591499387.892][SEVERE]: Timed out receiving message from renderer: 0.100
[1591499387.994][SEVERE]: Timed out receiving message from renderer: 0.100
[1591499388.097][SEVERE]: Timed out receiving message from renderer: 0.100
[1591499388.200][SEVERE]: Timed out receiving message from renderer: 0.100
[1591499388.303][SEVERE]: Timed out receiving message from renderer: 0.100
[1591499388.406][SEVERE]: Timed out receiving message from renderer: 0.100
[1591499388.508][SEVERE]: Timed out receiving message from renderer: 0.100
[1591499388.610][SEVERE]: Timed out receiving message from renderer: 0.100
[1591499388.714][SEVERE]: Timed out receiving message from renderer: 0.100
[1591499388.816][SEVERE]: Timed out receiving message from renderer: 0.100
[1591499388.919][SEVERE]: Timed out receiving message from renderer: 0.100
[1591499389.022][SEVERE]: Timed out receiving message from renderer: 0.100
[1591499389.125][SEVERE]: Timed out receiving message from renderer: 0.100
[1591499389.227][SEVERE]: Timed out receiving message from renderer: 0.100
[1591499389.330][SEVERE]: Timed out receiving message from renderer: 0.100
[1591499389.433][SEVERE]: Timed out receiving message from renderer: 0.100
[1591499389.535][SEVERE]: Timed out receiving message from renderer: 0.100
[1591499389.637][SEVERE]: Timed out receiving message from renderer: 0.100
[1591499389.740][SEVERE]: Timed out receiving message from renderer: 0.100
[1591499389.842][SEVERE]: Timed out receiving message from renderer: 0.100
[1591499389.946][SEVERE]: Timed out receiving message from renderer: 0.100
[1591499390.048][SEVERE]: Timed out receiving message from renderer: 0.100
[1591499390.151][SEVERE]: Timed out receiving message from renderer: 0.100
[1591499390.253][SEVERE]: Timed out receiving message from renderer: 0.100
[1591499390.355][SEVERE]: Timed out receiving message from renderer: 0.100
[1591499390.457][SEVERE]: Timed out receiving message from renderer: 0.100
[1591499390.560][SEVERE]: Timed out receiving message from renderer: 0.100
[1591499390.662][SEVERE]: Timed out receiving message from renderer: 0.100
[1591499390.764][SEVERE]: Timed out receiving message from renderer: 0.100
[1591499390.866][SEVERE]: Timed out receiving message from renderer: 0.100
[1591499390.967][SEVERE]: Timed out receiving message from renderer: 0.100
[1591499391.069][SEVERE]: Timed out receiving message from renderer: 0.100
[1591499391.172][SEVERE]: Timed out receiving message from renderer: 0.100
[1591499391.274][SEVERE]: Timed out receiving message from renderer: 0.100
[1591499391.377][SEVERE]: Timed out receiving message from renderer: 0.100
[1591499391.479][SEVERE]: Timed out receiving message from renderer: 0.100
[1591499391.580][SEVERE]: Timed out receiving message from renderer: 0.100
[1591499391.683][SEVERE]: Timed out receiving message from renderer: 0.100
[1591499391.785][SEVERE]: Timed out receiving message from renderer: 0.100
[1591499391.888][SEVERE]: Timed out receiving message from renderer: 0.100
[1591499391.990][SEVERE]: Timed out receiving message from renderer: 0.100
[1591499392.094][SEVERE]: Timed out receiving message from renderer: 0.100
[1591499392.197][SEVERE]: Timed out receiving message from renderer: 0.100
[1591499392.299][SEVERE]: Timed out receiving message from renderer: 0.100
[1591499392.402][SEVERE]: Timed out receiving message from renderer: 0.100
[1591499392.504][SEVERE]: Timed out receiving message from renderer: 0.100
[1591499392.607][SEVERE]: Timed out receiving message from renderer: 0.100
[1591499392.710][SEVERE]: Timed out receiving message from renderer: 0.100
[1591499392.811][SEVERE]: Timed out receiving message from renderer: 0.100
[1591499392.914][SEVERE]: Timed out receiving message from renderer: 0.100
[1591499393.016][SEVERE]: Timed out receiving message from renderer: 0.100
[1591499393.119][SEVERE]: Timed out receiving message from renderer: 0.100
[1591499393.222][SEVERE]: Timed out receiving message from renderer: 0.100
[1591499393.325][SEVERE]: Timed out receiving message from renderer: 0.100
[1591499393.497][SEVERE]: Timed out receiving message from renderer: 0.100
[1591499393.600][SEVERE]: Timed out receiving message from renderer: 0.100
[1591499393.701][SEVERE]: Timed out receiving message from renderer: 0.100
[1591499393.804][SEVERE]: Timed out receiving message from renderer: 0.100
[1591499394.018][SEVERE]: Timed out receiving message from renderer: 0.100
[1591499394.120][SEVERE]: Timed out receiving message from renderer: 0.100
[1591499394.222][SEVERE]: Timed out receiving message from renderer: 0.100
[1591499394.325][SEVERE]: Timed out receiving message from renderer: 0.100
[1591499394.427][SEVERE]: Timed out receiving message from renderer: 0.100
[1591499394.529][SEVERE]: Timed out receiving message from renderer: 0.100
[1591499394.632][SEVERE]: Timed out receiving message from renderer: 0.100
[1591499394.734][SEVERE]: Timed out receiving message from renderer: 0.100
[1591499394.836][SEVERE]: Timed out receiving message from renderer: 0.100
[1591499394.938][SEVERE]: Timed out receiving message from renderer: 0.100
[1591499395.041][SEVERE]: Timed out receiving message from renderer: 0.100
[1591499395.144][SEVERE]: Timed out receiving message from renderer: 0.100
[1591499395.247][SEVERE]: Timed out receiving message from renderer: 0.100
[1591499395.349][SEVERE]: Timed out receiving message from renderer: 0.100
[1591499395.451][SEVERE]: Timed out receiving message from renderer: 0.100
[1591499395.554][SEVERE]: Timed out receiving message from renderer: 0.100
[1591499395.835][SEVERE]: Timed out receiving message from renderer: 0.100
[1591499395.937][SEVERE]: Timed out receiving message from renderer: 0.100
[1591499396.039][SEVERE]: Timed out receiving message from renderer: 0.100
[1591499396.141][SEVERE]: Timed out receiving message from renderer: 0.100
[1591499396.244][SEVERE]: Timed out receiving message from renderer: 0.100
[1591499396.347][SEVERE]: Timed out receiving message from renderer: 0.100
[1591499396.472][SEVERE]: Timed out receiving message from renderer: 0.100
[1591499396.575][SEVERE]: Timed out receiving message from renderer: 0.100
[1591499396.679][SEVERE]: Timed out receiving message from renderer: 0.100
[1591499396.780][SEVERE]: Timed out receiving message from renderer: 0.100
[1591499397.092][SEVERE]: Timed out receiving message from renderer: 0.100
[1591499397.196][SEVERE]: Timed out receiving message from renderer: 0.100
[1591499397.299][SEVERE]: Timed out receiving message from renderer: 0.100
]]></system-err>
  </testcase>
</testsuite>