<?xml version="1.0" encoding="UTF-8"?>
<testng-results skipped="0" failed="0" ignored="2" total="3" passed="1">
  <reporter-output>
  </reporter-output>
  <suite name="Default suite" duration-ms="11135" started-at="2020-06-07T09:07:16 IST" finished-at="2020-06-07T09:07:27 IST">
    <groups>
    </groups>
    <test name="Default test" duration-ms="11135" started-at="2020-06-07T09:07:16 IST" finished-at="2020-06-07T09:07:27 IST">
      <class name="com.crm.qa.testcases.LoginPageTest">
        <test-method status="PASS" signature="setUp()[pri:0, instance:com.crm.qa.testcases.LoginPageTest@74650e52]" name="setUp" is-config="true" duration-ms="10976" started-at="2020-06-07T09:07:16 IST" finished-at="2020-06-07T09:07:27 IST">
          <reporter-output>
          </reporter-output>
        </test-method> <!-- setUp -->
        <test-method status="PASS" signature="loginPageTitleTest()[pri:1, instance:com.crm.qa.testcases.LoginPageTest@74650e52]" name="loginPageTitleTest" duration-ms="30" started-at="2020-06-07T09:07:27 IST" finished-at="2020-06-07T09:07:27 IST">
          <reporter-output>
          </reporter-output>
        </test-method> <!-- loginPageTitleTest -->
        <test-method status="PASS" signature="tearDown()[pri:0, instance:com.crm.qa.testcases.LoginPageTest@74650e52]" name="tearDown" is-config="true" duration-ms="69" started-at="2020-06-07T09:07:27 IST" finished-at="2020-06-07T09:07:27 IST">
          <reporter-output>
          </reporter-output>
        </test-method> <!-- tearDown -->
      </class> <!-- com.crm.qa.testcases.LoginPageTest -->
    </test> <!-- Default test -->
  </suite> <!-- Default suite -->
</testng-results>
